<?xml version="1.0" encoding="UTF-8"?>
<testng-results ignored="0" total="1" passed="1" failed="0" skipped="0">
  <reporter-output>
  </reporter-output>
  <suite started-at="2021-06-21T11:53:05 IST" name="Command line suite" finished-at="2021-06-21T11:53:05 IST" duration-ms="86">
    <groups>
    </groups>
    <test started-at="2021-06-21T11:53:05 IST" name="Command line test" finished-at="2021-06-21T11:53:05 IST" duration-ms="86">
      <class name="com.sarvika.ShopStarTestAutomation.AppTest">
        <test-method signature="testApp()" started-at="2021-06-21T11:53:05 IST" name="testApp" finished-at="2021-06-21T11:53:05 IST" duration-ms="21" status="PASS">
          <reporter-output>
          </reporter-output>
        </test-method> <!-- testApp -->
      </class> <!-- com.sarvika.ShopStarTestAutomation.AppTest -->
    </test> <!-- Command line test -->
  </suite> <!-- Command line suite -->
</testng-results>
