<?xml version="1.0" encoding="UTF-8" ?>
<testsuite tests="6" failures="2" name="TestSuite" time="116.181" errors="0" skipped="0">
  <properties>
[...]
</properties>
  <testcase classname="com.sarvika.ShopStarTestAutomation.GoogleHomePageTest" name="verifyGooglePageTittle" time="11.265">
    <failure message="expected [Google] but found [DKHANDAL]" type="java.lang.AssertionError">java.lang.AssertionError: expected [Google] but found [DKHANDAL]
	at org.testng.Assert.fail(Assert.java:99)
	at org.testng.Assert.failNotEquals(Assert.java:1037)
	at org.testng.Assert.assertEqualsImpl(Assert.java:140)
	at org.testng.Assert.assertEquals(Assert.java:122)
	at org.testng.Assert.assertEquals(Assert.java:629)
	at org.testng.Assert.assertEquals(Assert.java:639)
	at com.sarvika.ShopStarTestAutomation.GoogleHomePageTest.verifyGooglePageTittle(GoogleHomePageTest.java:117)
</failure>
    <system-out>Configuring TestNG with: org.apache.maven.surefire.testng.conf.TestNG652Configurator@1786dec2
Opening Browser
This is Windows
You are not running in headless mode
</system-out>
    <system-err>1624256443379	mozrunner::runner	INFO	Running command: &quot;C:\\Program Files\\Mozilla Firefox\\firefox.exe&quot; &quot;-marionette&quot; &quot;-foreground&quot; &quot;-no-remote&quot; &quot;-profile&quot; &quot;C:\\Users\\DEEPAK~1\\AppData\\Local\\Temp\\rust_mozprofiled7m8GY&quot;
1624256444151	Marionette	INFO	Marionette enabled
JavaScript error: resource://gre/modules/XULStore.jsm, line 66: Error: Can&apos;t find profile directory.
console.warn: SearchSettings: &quot;get: No settings file exists, new profile?&quot; (new NotFoundError(&quot;Could not open the file at C:\\Users\\Deepak Sharma\\AppData\\Local\\Temp\\rust_mozprofiled7m8GY\\search.json.mozlz4&quot;, (void 0)))
1624256447891	Marionette	INFO	Listening on port 63013
1624256448221	Marionette	WARN	TLS certificate errors will be ignored for this session
Jun 21, 2021 11:50:48 AM org.openqa.selenium.remote.ProtocolHandshake createSession
INFO: Detected dialect: W3C
JavaScript warning: https://qa.mypromomall.com/_Incapsula_Resource?SWJIYLWA=719d34d31c8e3a6e6fffd425f7e032f3&amp;ns=1&amp;cb=1468929757, line 1: unreachable code after return statement
JavaScript warning: https://qa.mypromomall.com/_Incapsula_Resource?SWJIYLWA=719d34d31c8e3a6e6fffd425f7e032f3&amp;ns=1&amp;cb=1468929757 line 1 &gt; eval, line 1: unreachable code after return statement
</system-err>
  </testcase>
  <testcase classname="com.sarvika.ShopStarTestAutomation.GoogleHomePageTest" name="verifySearchText" time="95.847">
    <failure message="Unable to locate element: *[name=&apos;q&apos;]
For documentation on this error, please visit: https://www.seleniumhq.org/exceptions/no_such_element.html
Build info: version: &apos;3.141.59&apos;, revision: &apos;e82be7d358&apos;, time: &apos;2018-11-14T08:17:03&apos;
System info: host: &apos;DESKTOP-PIUBL5A&apos;, ip: &apos;192.168.0.106&apos;, os.name: &apos;Windows 10&apos;, os.arch: &apos;amd64&apos;, os.version: &apos;10.0&apos;, java.version: &apos;15.0.1&apos;
Driver info: org.openqa.selenium.firefox.FirefoxDriver
Capabilities {acceptInsecureCerts: true, browserName: firefox, browserVersion: 89.0.1, javascriptEnabled: true, moz:accessibilityChecks: false, moz:buildID: 20210614221319, moz:geckodriverVersion: 0.26.0, moz:headless: false, moz:processID: 20312, moz:profile: C:\Users\Deepak Sharma\AppD..., moz:shutdownTimeout: 60000, moz:useNonSpecCompliantPointerOrigin: false, moz:webdriverClick: true, pageLoadStrategy: normal, platform: WINDOWS, platformName: WINDOWS, platformVersion: 10.0, setWindowRect: true, strictFileInteractability: false, timeouts: {implicit: 0, pageLoad: 300000, script: 30000}, unhandledPromptBehavior: dismiss and notify}
Session ID: 4edd1d60-b12d-4c41-8448-15a65fe1eae9
*** Element info: {Using=name, value=q}" type="org.openqa.selenium.NoSuchElementException">org.openqa.selenium.NoSuchElementException: Unable to locate element: *[name=&apos;q&apos;]
For documentation on this error, please visit: https://www.seleniumhq.org/exceptions/no_such_element.html
Build info: version: &apos;3.141.59&apos;, revision: &apos;e82be7d358&apos;, time: &apos;2018-11-14T08:17:03&apos;
System info: host: &apos;DESKTOP-PIUBL5A&apos;, ip: &apos;192.168.0.106&apos;, os.name: &apos;Windows 10&apos;, os.arch: &apos;amd64&apos;, os.version: &apos;10.0&apos;, java.version: &apos;15.0.1&apos;
Driver info: org.openqa.selenium.firefox.FirefoxDriver
Capabilities {acceptInsecureCerts: true, browserName: firefox, browserVersion: 89.0.1, javascriptEnabled: true, moz:accessibilityChecks: false, moz:buildID: 20210614221319, moz:geckodriverVersion: 0.26.0, moz:headless: false, moz:processID: 20312, moz:profile: C:\Users\Deepak Sharma\AppD..., moz:shutdownTimeout: 60000, moz:useNonSpecCompliantPointerOrigin: false, moz:webdriverClick: true, pageLoadStrategy: normal, platform: WINDOWS, platformName: WINDOWS, platformVersion: 10.0, setWindowRect: true, strictFileInteractability: false, timeouts: {implicit: 0, pageLoad: 300000, script: 30000}, unhandledPromptBehavior: dismiss and notify}
Session ID: 4edd1d60-b12d-4c41-8448-15a65fe1eae9
*** Element info: {Using=name, value=q}
	at java.base/jdk.internal.reflect.NativeConstructorAccessorImpl.newInstance0(Native Method)
	at java.base/jdk.internal.reflect.NativeConstructorAccessorImpl.newInstance(NativeConstructorAccessorImpl.java:64)
	at java.base/jdk.internal.reflect.DelegatingConstructorAccessorImpl.newInstance(DelegatingConstructorAccessorImpl.java:45)
	at java.base/java.lang.reflect.Constructor.newInstanceWithCaller(Constructor.java:500)
	at java.base/java.lang.reflect.Constructor.newInstance(Constructor.java:481)
	at org.openqa.selenium.remote.http.W3CHttpResponseCodec.createException(W3CHttpResponseCodec.java:187)
	at org.openqa.selenium.remote.http.W3CHttpResponseCodec.decode(W3CHttpResponseCodec.java:122)
	at org.openqa.selenium.remote.http.W3CHttpResponseCodec.decode(W3CHttpResponseCodec.java:49)
	at org.openqa.selenium.remote.HttpCommandExecutor.execute(HttpCommandExecutor.java:158)
	at org.openqa.selenium.remote.service.DriverCommandExecutor.execute(DriverCommandExecutor.java:83)
	at org.openqa.selenium.remote.RemoteWebDriver.execute(RemoteWebDriver.java:552)
	at org.openqa.selenium.remote.RemoteWebDriver.findElement(RemoteWebDriver.java:323)
	at org.openqa.selenium.remote.RemoteWebDriver.findElementByName(RemoteWebDriver.java:404)
	at org.openqa.selenium.By$ByName.findElement(By.java:284)
	at org.openqa.selenium.remote.RemoteWebDriver.findElement(RemoteWebDriver.java:315)
	at com.sarvika.ShopStarTestAutomation.GoogleHomePageTest.verifySearchText(GoogleHomePageTest.java:128)
</failure>
  </testcase>
  <testcase classname="com.sarvika.ShopStarTestAutomation.GoogleHomePageTest" name="verifySiteOpening" time="0"/>
  <testcase classname="com.sarvika.ShopStarTestAutomation.TestCC" name="testLogin" time="8.708"/>
  <testcase classname="com.sarvika.ShopStarTestAutomation.TestCC" name="enterCC" time="0.359"/>
  <testcase classname="com.sarvika.ShopStarTestAutomation.AppTest" name="testApp on testApp(com.sarvika.ShopStarTestAutomation.AppTest)" time="0.002"/>
</testsuite>