<?xml version="1.0" encoding="UTF-8"?>
<!-- Generated by org.testng.reporters.JUnitXMLReporter -->
<testsuite ignored="0" hostname="DESKTOP-PIUBL5A" failures="0" tests="4" name="DynamicControls" time="31.733" errors="0" timestamp="2021-06-25T08:10:42 IST">
  <testcase classname="com.selenium.docker.DynamicControls" name="testDynamicContentRemoveButton" time="3.195"/>
  <testcase classname="com.selenium.docker.DynamicControls" name="testDynamicContentAddButton" time="8.229"/>
  <testcase classname="com.selenium.docker.DynamicControls" name="testDynamicContentEnableButton" time="3.237"/>
  <testcase classname="com.selenium.docker.DynamicControls" name="testDynamicContentDisableButton" time="3.192"/>
</testsuite> <!-- DynamicControls -->
