<?xml version="1.0" encoding="UTF-8"?>
<!-- Generated by org.testng.reporters.JUnitXMLReporter -->
<testsuite ignored="0" hostname="DESKTOP-PIUBL5A" failures="0" tests="3" name="JSAlert" time="25.87" errors="0" timestamp="2021-06-25T08:12:53 IST">
  <testcase classname="com.selenium.docker.JSAlert" name="testJSAlert" time="3.096"/>
  <testcase classname="com.selenium.docker.JSAlert" name="testDynamicContentAddButton" time="5.097"/>
  <testcase classname="com.selenium.docker.JSAlert" name="testDynamicContentEnableButton" time="3.087"/>
</testsuite> <!-- JSAlert -->
