<?xml version="1.0" encoding="UTF-8"?>
<!-- Generated by org.testng.reporters.JUnitXMLReporter -->
<testsuite ignored="0" hostname="DESKTOP-PIUBL5A" failures="0" tests="3" name="LoginSignUp" time="113.466" errors="0" timestamp="2021-06-23T14:16:10 IST">
  <testcase classname="com.sarvika.ShopStarTestAutomation.LoginSignUp" name="testRegistration" time="68.807"/>
  <testcase classname="com.sarvika.ShopStarTestAutomation.LoginSignUp" name="testLogout" time="1.171"/>
  <testcase classname="com.sarvika.ShopStarTestAutomation.LoginSignUp" name="testLogin" time="14.852"/>
</testsuite> <!-- LoginSignUp -->
