<?xml version="1.0" encoding="UTF-8"?>
<!-- Generated by org.testng.reporters.JUnitXMLReporter -->
<testsuite ignored="0" hostname="DESKTOP-PIUBL5A" failures="0" tests="3" name="Search" time="75.508" errors="0" timestamp="2021-06-23T14:18:43 IST">
  <testcase classname="com.sarvika.ShopStarTestAutomation.Search" name="testLogin" time="3.419"/>
  <testcase classname="com.sarvika.ShopStarTestAutomation.Search" name="searchBox" time="33.662"/>
  <testcase classname="com.sarvika.ShopStarTestAutomation.Search" name="testLogout" time="8.875"/>
</testsuite> <!-- Search -->
