<?xml version="1.0" encoding="UTF-8"?>
<!-- Generated by org.testng.reporters.JUnitXMLReporter -->
<testsuite ignored="0" hostname="DESKTOP-PIUBL5A" failures="0" tests="6" name="StaticPages" time="77.636" errors="0" timestamp="2021-06-23T14:17:28 IST">
  <testcase classname="com.sarvika.ShopStarTestAutomation.StaticPages" name="testCloseCookieBannerClose" time="6.393"/>
  <testcase classname="com.sarvika.ShopStarTestAutomation.StaticPages" name="testStaticPagesContactUs" time="11.191"/>
  <testcase classname="com.sarvika.ShopStarTestAutomation.StaticPages" name="testStaticPagesShippingAddress" time="9.662"/>
  <testcase classname="com.sarvika.ShopStarTestAutomation.StaticPages" name="testStaticPagesStorePolicy" time="9.487"/>
  <testcase classname="com.sarvika.ShopStarTestAutomation.StaticPages" name="testStaticPagesPrivacyPolicy" time="9.563"/>
  <testcase classname="com.sarvika.ShopStarTestAutomation.StaticPages" name="testStaticPagesTermsOfUse" time="9.599"/>
</testsuite> <!-- StaticPages -->
